This file contains any messages produced by compilers while
running configure, to aid debugging if configure makes a mistake.

It was created by configure, which was
generated by GNU Autoconf 2.68.  Invocation command line was

  $ ./configure 

## --------- ##
## Platform. ##
## --------- ##

hostname = DESKTOP-ADPC9QU
uname -m = x86_64
uname -r = 3.1.7(0.340/5/3)
uname -s = CYGWIN_NT-10.0
uname -v = 2020-08-22 17:48

/usr/bin/uname -p = unknown
/bin/uname -X     = unknown

/bin/arch              = x86_64
/usr/bin/arch -k       = unknown
/usr/convex/getsysinfo = unknown
/usr/bin/hostinfo      = unknown
/bin/machine           = unknown
/usr/bin/oslevel       = unknown
/bin/universe          = unknown

PATH: /usr/local/bin
PATH: /usr/bin
PATH: /cygdrive/c/Windows/system32
PATH: /cygdrive/c/Windows
PATH: /cygdrive/c/Windows/System32/Wbem
PATH: /cygdrive/c/Windows/System32/WindowsPowerShell/v1.0
PATH: /cygdrive/c/Windows/System32/OpenSSH
PATH: /cygdrive/d/Git/cmd
PATH: /cygdrive/c/Program Files/nodejs
PATH: /cygdrive/c/xampp/php
PATH: /cygdrive/c/composer
PATH: /cygdrive/c/Users/Personal/AppData/Local/Microsoft/WindowsApps
PATH: /cygdrive/c/Users/Personal/AppData/Local/Programs/Microsoft VS Code/bin
PATH: /cygdrive/c/Users/Personal/AppData/Roaming/npm
PATH: /cygdrive/c/Users/Personal/AppData/Roaming/Composer/vendor/bin


## ----------- ##
## Core tests. ##
## ----------- ##

configure:2615: checking for a BSD-compatible install
configure:2683: result: /usr/bin/install -c
configure:2694: checking whether build environment is sane
configure:2744: result: yes
configure:2885: checking for a thread-safe mkdir -p
configure:2924: result: /usr/bin/mkdir -p
configure:2937: checking for gawk
configure:2953: found /usr/bin/gawk
configure:2964: result: gawk
configure:2975: checking whether make sets $(MAKE)
configure:2997: result: yes
configure:3091: checking build system type
configure:3105: result: x86_64-unknown-cygwin
configure:3125: checking host system type
configure:3138: result: x86_64-unknown-cygwin
configure:3214: checking for gcc
configure:3244: result: no
configure:3307: checking for cc
configure:3354: result: no
configure:3410: checking for cl.exe
configure:3440: result: no
configure:3464: error: in `/cygdrive/c/xampp/htdocs/techknow/libevent-2.0.21-stable':
configure:3466: error: no acceptable C compiler found in $PATH
See `config.log' for more details

## ---------------- ##
## Cache variables. ##
## ---------------- ##

ac_cv_build=x86_64-unknown-cygwin
ac_cv_env_CC_set=
ac_cv_env_CC_value=
ac_cv_env_CFLAGS_set=
ac_cv_env_CFLAGS_value=
ac_cv_env_CPPFLAGS_set=
ac_cv_env_CPPFLAGS_value=
ac_cv_env_CPP_set=
ac_cv_env_CPP_value=
ac_cv_env_LDFLAGS_set=
ac_cv_env_LDFLAGS_value=
ac_cv_env_LIBS_set=
ac_cv_env_LIBS_value=
ac_cv_env_build_alias_set=
ac_cv_env_build_alias_value=
ac_cv_env_host_alias_set=
ac_cv_env_host_alias_value=
ac_cv_env_target_alias_set=
ac_cv_env_target_alias_value=
ac_cv_host=x86_64-unknown-cygwin
ac_cv_path_install='/usr/bin/install -c'
ac_cv_path_mkdir=/usr/bin/mkdir
ac_cv_prog_AWK=gawk
ac_cv_prog_make_make_set=yes

## ----------------- ##
## Output variables. ##
## ----------------- ##

ACLOCAL='${SHELL} /cygdrive/c/xampp/htdocs/techknow/libevent-2.0.21-stable/missing --run aclocal-1.11'
AMDEPBACKSLASH=''
AMDEP_FALSE=''
AMDEP_TRUE=''
AMTAR='$${TAR-tar}'
AR=''
AUTOCONF='${SHELL} /cygdrive/c/xampp/htdocs/techknow/libevent-2.0.21-stable/missing --run autoconf'
AUTOHEADER='${SHELL} /cygdrive/c/xampp/htdocs/techknow/libevent-2.0.21-stable/missing --run autoheader'
AUTOMAKE='${SHELL} /cygdrive/c/xampp/htdocs/techknow/libevent-2.0.21-stable/missing --run automake-1.11'
AWK='gawk'
BUILD_CYGWIN_FALSE=''
BUILD_CYGWIN_TRUE=''
BUILD_REGRESS_FALSE=''
BUILD_REGRESS_TRUE=''
BUILD_WIN32_FALSE=''
BUILD_WIN32_TRUE=''
BUILD_WITH_NO_UNDEFINED_FALSE=''
BUILD_WITH_NO_UNDEFINED_TRUE=''
CC=''
CCDEPMODE=''
CFLAGS=''
CPP=''
CPPFLAGS=''
CYGPATH_W='cygpath -w'
DEFS=''
DEPDIR=''
DEVPOLL_BACKEND_FALSE=''
DEVPOLL_BACKEND_TRUE=''
DLLTOOL=''
DSYMUTIL=''
DUMPBIN=''
ECHO_C=''
ECHO_N='-n'
ECHO_T=''
EGREP=''
EPOLL_BACKEND_FALSE=''
EPOLL_BACKEND_TRUE=''
EVPORT_BACKEND_FALSE=''
EVPORT_BACKEND_TRUE=''
EV_LIB_GDI=''
EV_LIB_WS32=''
EXEEXT=''
FGREP=''
GREP=''
INSTALL_DATA='${INSTALL} -m 644'
INSTALL_LIBEVENT_FALSE=''
INSTALL_LIBEVENT_TRUE=''
INSTALL_PROGRAM='${INSTALL}'
INSTALL_SCRIPT='${INSTALL}'
INSTALL_STRIP_PROGRAM='$(install_sh) -c -s'
KQUEUE_BACKEND_FALSE=''
KQUEUE_BACKEND_TRUE=''
LD=''
LDFLAGS=''
LIBEVENT_GC_SECTIONS=''
LIBOBJS=''
LIBS=''
LIBTOOL=''
LIBTOOL_DEPS=''
LIPO=''
LN_S=''
LTLIBOBJS=''
MAKEINFO='${SHELL} /cygdrive/c/xampp/htdocs/techknow/libevent-2.0.21-stable/missing --run makeinfo'
MANIFEST_TOOL=''
MKDIR_P='/usr/bin/mkdir -p'
NM=''
NMEDIT=''
OBJDUMP=''
OBJEXT=''
OPENSSL_FALSE=''
OPENSSL_LIBADD=''
OPENSSL_LIBS=''
OPENSSL_TRUE=''
OTOOL64=''
OTOOL=''
PACKAGE='libevent'
PACKAGE_BUGREPORT=''
PACKAGE_NAME=''
PACKAGE_STRING=''
PACKAGE_TARNAME=''
PACKAGE_URL=''
PACKAGE_VERSION=''
PATH_SEPARATOR=':'
POLL_BACKEND_FALSE=''
POLL_BACKEND_TRUE=''
PTHREADS_FALSE=''
PTHREADS_TRUE=''
PTHREAD_CC=''
PTHREAD_CFLAGS=''
PTHREAD_LIBS=''
RANLIB=''
SED=''
SELECT_BACKEND_FALSE=''
SELECT_BACKEND_TRUE=''
SET_MAKE=''
SHELL='/bin/sh'
SIGNAL_SUPPORT_FALSE=''
SIGNAL_SUPPORT_TRUE=''
STRIP=''
VERSION='2.0.21-stable'
ZLIB_LIBS=''
ZLIB_REGRESS_FALSE=''
ZLIB_REGRESS_TRUE=''
ac_ct_AR=''
ac_ct_CC=''
ac_ct_DUMPBIN=''
acx_pthread_config=''
am__EXEEXT_FALSE=''
am__EXEEXT_TRUE=''
am__fastdepCC_FALSE=''
am__fastdepCC_TRUE=''
am__include=''
am__isrc=''
am__leading_dot='.'
am__nodep=''
am__quote=''
am__tar='$${TAR-tar} chof - "$$tardir"'
am__untar='$${TAR-tar} xf -'
bindir='${exec_prefix}/bin'
build='x86_64-unknown-cygwin'
build_alias=''
build_cpu='x86_64'
build_os='cygwin'
build_vendor='unknown'
datadir='${datarootdir}'
datarootdir='${prefix}/share'
docdir='${datarootdir}/doc/${PACKAGE}'
dvidir='${docdir}'
exec_prefix='NONE'
host='x86_64-unknown-cygwin'
host_alias=''
host_cpu='x86_64'
host_os='cygwin'
host_vendor='unknown'
htmldir='${docdir}'
includedir='${prefix}/include'
infodir='${datarootdir}/info'
install_sh='${SHELL} /cygdrive/c/xampp/htdocs/techknow/libevent-2.0.21-stable/install-sh'
libdir='${exec_prefix}/lib'
libexecdir='${exec_prefix}/libexec'
localedir='${datarootdir}/locale'
localstatedir='${prefix}/var'
mandir='${datarootdir}/man'
mkdir_p='/usr/bin/mkdir -p'
oldincludedir='/usr/include'
pdfdir='${docdir}'
prefix='/usr/local'
program_transform_name='s,x,x,'
psdir='${docdir}'
sbindir='${exec_prefix}/sbin'
sharedstatedir='${prefix}/com'
sysconfdir='${prefix}/etc'
target_alias=''

## ----------- ##
## confdefs.h. ##
## ----------- ##

/* confdefs.h */
#define PACKAGE_NAME ""
#define PACKAGE_TARNAME ""
#define PACKAGE_VERSION ""
#define PACKAGE_STRING ""
#define PACKAGE_BUGREPORT ""
#define PACKAGE_URL ""
#define PACKAGE "libevent"
#define VERSION "2.0.21-stable"
#define NUMERIC_VERSION 0x02001500

configure: exit 1
